<?xml version="1.0" encoding="UTF-8"?>
<!-- Generated by org.testng.reporters.JUnitReportReporter -->
<testsuite hostname="Satheesh_Reddy" failures="0" tests="1" name="testCases.TC002_logintest" time="2.318" errors="0" timestamp="2024-11-17T12:35:53 IST" skipped="0">
  <testcase classname="testCases.TC002_logintest" name="verify_login" time="2.318"/>
</testsuite> <!-- testCases.TC002_logintest -->
