<?xml version="1.0" encoding="UTF-8"?>
<!-- Generated by org.testng.reporters.JUnitReportReporter -->
<testsuite hostname="Satheesh_Reddy" failures="0" tests="1" name="testCases.TC005_shoppingCart" time="15.324" errors="0" timestamp="2024-11-18T10:35:49 IST" skipped="0">
  <testcase classname="testCases.TC005_shoppingCart" name="MyShoppingCart" time="15.324"/>
</testsuite> <!-- testCases.TC005_shoppingCart -->
